Error: unexpected symbol en "cd C"
Ejecución interrumpida
Error: unexpected symbol en "cd C"
Ejecución interrumpida
Error: unexpected symbol en "cd C"
Ejecución interrumpida
Error: unexpected symbol en "cd C"
Ejecución interrumpida
Error: unexpected symbol en "cd C"
Ejecución interrumpida
Error: unexpected symbol en "cd C"
Ejecución interrumpida
Error: unexpected symbol en "cd C"
Ejecución interrumpida
Error: unexpected symbol en "cd C"
Ejecución interrumpida
Error: unexpected symbol en "cd C"
Ejecución interrumpida
Error: unexpected symbol en "cd C"
Ejecución interrumpida
[1] 127
Warning message:
In system("cd C:/Users/USUARIO/Desktop/Tesis_Maestria") : 'cd' not found
fatal: not a git repository (or any of the parent directories): .git
[1] 128
fatal: not a git repository (or any of the parent directories): .git
[1] 128
fatal: not a git repository (or any of the parent directories): .git
[1] 128
[1] 127
Warning message:
In system("cd C:/Users/USUARIO/Desktop/Tesis_Maestria") : 'cd' not found
fatal: not a git repository (or any of the parent directories): .git
[1] 128
fatal: not a git repository (or any of the parent directories): .git
[1] 128
fatal: not a git repository (or any of the parent directories): .git
[1] 128
[1] 127
Warning message:
In system("cd C:/Users/USUARIO/Desktop/Tesis_Maestria") : 'cd' not found
fatal: not a git repository (or any of the parent directories): .git
[1] 128
fatal: not a git repository (or any of the parent directories): .git
[1] 128
fatal: not a git repository (or any of the parent directories): .git
[1] 128
[1] 127
Warning message:
In system("cd C:/Users/USUARIO/Desktop/Tesis_Maestria") : 'cd' not found
fatal: not a git repository (or any of the parent directories): .git
[1] 128
fatal: not a git repository (or any of the parent directories): .git
[1] 128
fatal: not a git repository (or any of the parent directories): .git
[1] 128
[1] 127
Warning message:
In system("cd C:/Users/USUARIO/Desktop/Tesis_Maestria") : 'cd' not found
fatal: not a git repository (or any of the parent directories): .git
[1] 128
fatal: not a git repository (or any of the parent directories): .git
[1] 128
fatal: not a git repository (or any of the parent directories): .git
[1] 128
[1] 127
Warning message:
In system("cd C:/Users/USUARIO/Desktop/Tesis_Maestria") : 'cd' not found
fatal: not a git repository (or any of the parent directories): .git
[1] 128
fatal: not a git repository (or any of the parent directories): .git
[1] 128
fatal: not a git repository (or any of the parent directories): .git
[1] 128
[1] 127
Warning message:
In system("cd C:/Users/USUARIO/Desktop/Tesis_Maestria") : 'cd' not found
fatal: not a git repository (or any of the parent directories): .git
[1] 128
fatal: not a git repository (or any of the parent directories): .git
[1] 128
fatal: not a git repository (or any of the parent directories): .git
[1] 128
[1] 127
Warning message:
In system("cd C:/Users/USUARIO/Desktop/Tesis_Maestria") : 'cd' not found
fatal: not a git repository (or any of the parent directories): .git
[1] 128
fatal: not a git repository (or any of the parent directories): .git
[1] 128
fatal: not a git repository (or any of the parent directories): .git
[1] 128
[1] 127
Warning message:
In system("cd C:/Users/USUARIO/Desktop/Tesis_Maestria") : 'cd' not found
fatal: not a git repository (or any of the parent directories): .git
[1] 128
fatal: not a git repository (or any of the parent directories): .git
[1] 128
fatal: not a git repository (or any of the parent directories): .git
[1] 128
[1] 127
Warning message:
In system("cd C:/Users/USUARIO/Desktop/Tesis_Maestria") : 'cd' not found
fatal: not a git repository (or any of the parent directories): .git
[1] 128
fatal: not a git repository (or any of the parent directories): .git
[1] 128
fatal: not a git repository (or any of the parent directories): .git
[1] 128
[1] 127
Warning message:
In system("cd C:/Users/USUARIO/Desktop/Tesis_Maestria") : 'cd' not found
fatal: not a git repository (or any of the parent directories): .git
[1] 128
fatal: not a git repository (or any of the parent directories): .git
[1] 128
fatal: not a git repository (or any of the parent directories): .git
[1] 128
[1] 127
Warning message:
In system("cd C:/Users/USUARIO/Desktop/Tesis_Maestria") : 'cd' not found
fatal: not a git repository (or any of the parent directories): .git
[1] 128
fatal: not a git repository (or any of the parent directories): .git
[1] 128
fatal: not a git repository (or any of the parent directories): .git
[1] 128
[1] 127
Warning message:
In system("cd C:/Users/USUARIO/Desktop/Tesis_Maestria") : 'cd' not found
fatal: not a git repository (or any of the parent directories): .git
[1] 128
fatal: not a git repository (or any of the parent directories): .git
[1] 128
fatal: not a git repository (or any of the parent directories): .git
[1] 128
[1] 127
Warning message:
In system("cd C:/Users/USUARIO/Desktop/Tesis_Maestria") : 'cd' not found
fatal: not a git repository (or any of the parent directories): .git
[1] 128
fatal: not a git repository (or any of the parent directories): .git
[1] 128
fatal: not a git repository (or any of the parent directories): .git
[1] 128
[1] 127
Warning message:
In system("cd C:/Users/USUARIO/Desktop/Tesis_Maestria") : 'cd' not found
fatal: not a git repository (or any of the parent directories): .git
[1] 128
fatal: not a git repository (or any of the parent directories): .git
[1] 128
fatal: not a git repository (or any of the parent directories): .git
[1] 128
[1] 127
Warning message:
In system("cd C:/Users/USUARIO/Desktop/Tesis_Maestria") : 'cd' not found
fatal: not a git repository (or any of the parent directories): .git
[1] 128
fatal: not a git repository (or any of the parent directories): .git
[1] 128
fatal: not a git repository (or any of the parent directories): .git
[1] 128
[1] 127
Warning message:
In system("cd C:/Users/USUARIO/Desktop/Tesis_Maestria") : 'cd' not found
fatal: not a git repository (or any of the parent directories): .git
[1] 128
fatal: not a git repository (or any of the parent directories): .git
[1] 128
fatal: not a git repository (or any of the parent directories): .git
[1] 128
Error fatal: no fue posible abrir el archivo 'C:/Users/USUARIO/Desktop/Tesis_Maestria/actualizarBD.sh': No such file or directory

[1] 127
Warning message:
In system("cd C:/Users/USUARIO/Desktop/Tesis_Maestria") : 'cd' not found
fatal: not a git repository (or any of the parent directories): .git
[1] 128
fatal: not a git repository (or any of the parent directories): .git
[1] 128
fatal: not a git repository (or any of the parent directories): .git
[1] 128
Error fatal: no fue posible abrir el archivo 'C:/Users/USUARIO/Desktop/Tesis_Maestria/actualizarBD.sh': No such file or directory

[1] 127
Warning message:
In system("cd C:/Users/USUARIO/Desktop/Tesis_Maestria") : 'cd' not found
fatal: not a git repository (or any of the parent directories): .git
[1] 128
fatal: not a git repository (or any of the parent directories): .git
[1] 128
fatal: not a git repository (or any of the parent directories): .git
[1] 128
Error fatal: no fue posible abrir el archivo 'C:/Users/USUARIO/Desktop/Tesis_Maestria/actualizarBD.sh': No such file or directory

Error fatal: no fue posible abrir el archivo 'C:/Users/USUARIO/Desktop/Tesis_Maestria/actualizarBD.sh': No such file or directory

[1] 127
Warning message:
In system("cd C:/Users/USUARIO/Desktop/Tesis_Maestria") : 'cd' not found
fatal: not a git repository (or any of the parent directories): .git
[1] 128
fatal: not a git repository (or any of the parent directories): .git
[1] 128
fatal: not a git repository (or any of the parent directories): .git
[1] 128
Error fatal: no fue posible abrir el archivo 'C:/Users/USUARIO/Desktop/Tesis_Maestria/actualizarBD.sh': No such file or directory

Error: unexpected symbol en "cd C"
Ejecución interrumpida
Error: unexpected symbol en "cd C"
Ejecución interrumpida
Error: unexpected symbol en "cd C"
Ejecución interrumpida
Error: unexpected symbol en "cd C"
Ejecución interrumpida
Error: unexpected symbol en "cd C"
Ejecución interrumpida
Error: unexpected symbol en "cd C"
Ejecución interrumpida
^C
Ejecución interrumpida
Error fatal: no fue posible abrir el archivo 'C:/Users/USUARIO/Desktop/Tesis_Maestria/actualizarBD.R': No such file or directory

Error: unexpected symbol en "cd C"
Ejecución interrumpida
Error: unexpected symbol en "cd C"
Ejecución interrumpida
Error: unexpected symbol en "cd C"
Ejecución interrumpida
Error: unexpected symbol en "cd C"
Ejecución interrumpida
Error: unexpected symbol en "cd C"
Ejecución interrumpida
Error: unexpected symbol en "cd C"
Ejecución interrumpida
Error: unexpected symbol en "cd C"
Ejecución interrumpida
Error: unexpected symbol en "cd C"
Ejecución interrumpida
Error: unexpected symbol en "cd C"
Ejecución interrumpida
Error: unexpected symbol en "cd C"
Ejecución interrumpida
Error: unexpected symbol en "cd C"
Ejecución interrumpida
Error: unexpected symbol en "cd C"
Ejecución interrumpida
Error: unexpected symbol en "cd C"
Ejecución interrumpida
Error: unexpected symbol en "cd C"
Ejecución interrumpida
Error: unexpected symbol en "cd C"
Ejecución interrumpida
Error: unexpected symbol en "cd C"
Ejecución interrumpida
Error: unexpected symbol en "cd C"
Ejecución interrumpida
Error: unexpected symbol en "cd C"
Ejecución interrumpida
Error: unexpected symbol en "cd C"
Ejecución interrumpida
Error: unexpected symbol en "cd C"
Ejecución interrumpida
Error: unexpected symbol en "cd C"
Ejecución interrumpida
Error: unexpected symbol en "cd C"
Ejecución interrumpida
Error: unexpected symbol en "cd C"
Ejecución interrumpida
Error: unexpected symbol en "cd C"
Ejecución interrumpida
